<?xml version="1.0" encoding="UTF-8"?>
<!-- Generated by org.testng.reporters.JUnitXMLReporter -->
<testsuite ignored="0" hostname="Manisha" failures="0" tests="3" name="Test" time="0.332" errors="0" timestamp="2025-12-03T12:30:21 IST">
  <testcase classname="github.GithubPracticeTest" name="githubPracticeTest" time="0.063"/>
  <testcase classname="jenkins.JenkinsPracticeTest" name="jenkinsPracticeTest" time="0.036"/>
  <testcase classname="maven.MavenPracticeTest" name="mavenPracticeTest" time="0.01"/>
</testsuite> <!-- Test -->
