<?xml version="1.0" encoding="UTF-8"?>
<testng-results ignored="0" total="3" passed="3" failed="0" skipped="0">
  <reporter-output>
    <line>
      <![CDATA[Hii Github]]>
    </line>
    <line>
      <![CDATA[Hii Jenkins]]>
    </line>
    <line>
      <![CDATA[Hii Maven]]>
    </line>
  </reporter-output>
  <suite started-at="2025-12-03T12:30:21 IST" name="Suite" finished-at="2025-12-03T12:30:21 IST" duration-ms="332">
    <groups>
    </groups>
    <test started-at="2025-12-03T12:30:21 IST" name="Test" finished-at="2025-12-03T12:30:21 IST" duration-ms="332">
      <class name="maven.MavenPracticeTest">
        <test-method signature="mavenPracticeTest()[pri:0, instance:maven.MavenPracticeTest@7b9a4292]" started-at="2025-12-03T12:30:21 IST" name="mavenPracticeTest" finished-at="2025-12-03T12:30:21 IST" duration-ms="10" status="PASS">
          <reporter-output>
            <line>
              <![CDATA[Hii Maven]]>
            </line>
          </reporter-output>
        </test-method> <!-- mavenPracticeTest -->
      </class> <!-- maven.MavenPracticeTest -->
      <class name="jenkins.JenkinsPracticeTest">
        <test-method signature="jenkinsPracticeTest()[pri:0, instance:jenkins.JenkinsPracticeTest@79924b]" started-at="2025-12-03T12:30:21 IST" name="jenkinsPracticeTest" finished-at="2025-12-03T12:30:21 IST" duration-ms="36" status="PASS">
          <reporter-output>
            <line>
              <![CDATA[Hii Jenkins]]>
            </line>
          </reporter-output>
        </test-method> <!-- jenkinsPracticeTest -->
      </class> <!-- jenkins.JenkinsPracticeTest -->
      <class name="github.GithubPracticeTest">
        <test-method signature="githubPracticeTest()[pri:0, instance:github.GithubPracticeTest@1fa268de]" started-at="2025-12-03T12:30:21 IST" name="githubPracticeTest" finished-at="2025-12-03T12:30:21 IST" duration-ms="63" status="PASS">
          <reporter-output>
            <line>
              <![CDATA[Hii Github]]>
            </line>
          </reporter-output>
        </test-method> <!-- githubPracticeTest -->
      </class> <!-- github.GithubPracticeTest -->
    </test> <!-- Test -->
  </suite> <!-- Suite -->
</testng-results>
