<?xml version="1.0" encoding="UTF-8"?>
<!-- Generated by org.testng.reporters.JUnitReportReporter -->
<testsuite hostname="Manisha" failures="0" tests="1" name="github.GithubPracticeTest" time="0.063" errors="0" timestamp="2025-12-03T12:30:23 IST" skipped="0">
  <testcase classname="github.GithubPracticeTest" name="githubPracticeTest" time="0.063">
    <system-out>
      <![CDATA[Hii Github]]>
    </system-out>
  </testcase> <!-- githubPracticeTest -->
  <system-out>
    <![CDATA[Hii Github
Hii Jenkins
Hii Maven]]>
  </system-out>
</testsuite> <!-- github.GithubPracticeTest -->
