<?xml version="1.0" encoding="UTF-8"?>
<!-- Generated by org.testng.reporters.JUnitReportReporter -->
<testsuite hostname="Manisha" failures="0" tests="1" name="maven.MavenPracticeTest" time="0.010" errors="0" timestamp="2025-12-03T12:30:23 IST" skipped="0">
  <testcase classname="maven.MavenPracticeTest" name="mavenPracticeTest" time="0.010">
    <system-out>
      <![CDATA[Hii Maven]]>
    </system-out>
  </testcase> <!-- mavenPracticeTest -->
  <system-out>
    <![CDATA[Hii Github
Hii Jenkins
Hii Maven]]>
  </system-out>
</testsuite> <!-- maven.MavenPracticeTest -->
